[2025-05-15 18:51:03] local.WARNING: Новая не отслеживаемая ошибка от WSPG: {
    "service": "WSPG",
    "incident": {
        "object": "412318ц92",
        "object_data": [
            {
                "key": "КПП",
                "value": "283324322"
            },
            {
                "key": "ИНН",
                "value": "64053492034"
            },
            {
                "key": "Банковский счет",
                "value": "223236342903492034"
            }
        ],
        "message": "400.1.6|Операции с данным счетом невозможны. Обратитесь в коммерческий отдел.",
        "date": "2025-05-25",
        "type": "Moneta"
    }
}  
